<?xml version="1.0" encoding="UTF-8"?>
<testng-results skipped="0" failed="0" total="1" passed="1">
  <reporter-output>
  </reporter-output>
  <suite name="Default suite" duration-ms="31145" started-at="2014-07-21T06:29:13Z" finished-at="2014-07-21T06:29:44Z">
    <groups>
    </groups>
    <test name="Default test" duration-ms="31145" started-at="2014-07-21T06:29:13Z" finished-at="2014-07-21T06:29:44Z">
      <class name="trainings.startIE">
        <test-method status="PASS" signature="launchIE()[pri:0, instance:trainings.startIE@15a8767]" name="launchIE" is-config="true" duration-ms="18459" started-at="2014-07-21T14:29:13Z" finished-at="2014-07-21T14:29:31Z">
          <reporter-output>
          </reporter-output>
        </test-method> <!-- launchIE -->
        <test-method status="PASS" signature="searchOngoogle()[pri:0, instance:trainings.startIE@15a8767]" name="searchOngoogle" duration-ms="12668" started-at="2014-07-21T14:29:31Z" finished-at="2014-07-21T14:29:44Z">
          <reporter-output>
          </reporter-output>
        </test-method> <!-- searchOngoogle -->
      </class> <!-- trainings.startIE -->
    </test> <!-- Default test -->
  </suite> <!-- Default suite -->
</testng-results>
